2022-08-04 12:42:49,220 DEBUG J.ConnectionManager [main] Trying to establish connection with database at this location :jdbc:h2:mem:test_db;MODE=PostgreSQL;DATABASE_TO_LOWER=TRUE
2022-08-04 12:42:49,601 DEBUG S.EmployeeService [main] Requested to submit new reimbursement request
2022-08-04 12:42:49,601 DEBUG J.ConnectionManager [main] Trying to establish connection with database at this location :jdbc:h2:mem:test_db;MODE=PostgreSQL;DATABASE_TO_LOWER=TRUE
2022-08-04 12:42:49,606 DEBUG J.ReimbursementDao [main] New reimbursement request is submitted
2022-08-04 12:42:49,606 DEBUG S.EmployeeService [main] requested to view pending reimbursement requests
2022-08-04 12:42:49,607 DEBUG J.ConnectionManager [main] Trying to establish connection with database at this location :jdbc:h2:mem:test_db;MODE=PostgreSQL;DATABASE_TO_LOWER=TRUE
2022-08-04 12:42:49,616 DEBUG J.ReimbursementDao [main] Pending reimbursement requests are returned
2022-08-04 12:42:49,616 DEBUG J.ConnectionManager [main] Trying to establish connection with database at this location :jdbc:h2:mem:test_db;MODE=PostgreSQL;DATABASE_TO_LOWER=TRUE
2022-08-04 12:42:49,627 DEBUG J.ConnectionManager [main] Trying to establish connection with database at this location :jdbc:h2:mem:test_db;MODE=PostgreSQL;DATABASE_TO_LOWER=TRUE
2022-08-04 12:42:49,644 DEBUG S.EmployeeService [main] Requested to submit new reimbursement request
2022-08-04 12:42:49,644 DEBUG J.ConnectionManager [main] Trying to establish connection with database at this location :jdbc:h2:mem:test_db;MODE=PostgreSQL;DATABASE_TO_LOWER=TRUE
2022-08-04 12:42:49,647 DEBUG J.ReimbursementDao [main] New reimbursement request is submitted
2022-08-04 12:42:49,647 DEBUG J.ConnectionManager [main] Trying to establish connection with database at this location :jdbc:h2:mem:test_db;MODE=PostgreSQL;DATABASE_TO_LOWER=TRUE
2022-08-04 12:42:49,651 DEBUG J.ConnectionManager [main] Trying to establish connection with database at this location :jdbc:h2:mem:test_db;MODE=PostgreSQL;DATABASE_TO_LOWER=TRUE
2022-08-04 12:42:49,662 DEBUG S.EmployeeService [main] employee login requested
2022-08-04 12:42:49,665 DEBUG J.ConnectionManager [main] Trying to establish connection with database at this location :jdbc:h2:mem:test_db;MODE=PostgreSQL;DATABASE_TO_LOWER=TRUE
2022-08-04 12:42:49,666 DEBUG J.AuthenticationDao [main] Employee Logged In
2022-08-04 12:42:49,666 DEBUG J.ConnectionManager [main] Trying to establish connection with database at this location :jdbc:h2:mem:test_db;MODE=PostgreSQL;DATABASE_TO_LOWER=TRUE
2022-08-04 12:42:49,669 DEBUG J.ConnectionManager [main] Trying to establish connection with database at this location :jdbc:h2:mem:test_db;MODE=PostgreSQL;DATABASE_TO_LOWER=TRUE
2022-08-04 12:42:49,684 DEBUG S.EmployeeService [main] Requested to submit new reimbursement request
2022-08-04 12:42:49,685 DEBUG J.ConnectionManager [main] Trying to establish connection with database at this location :jdbc:h2:mem:test_db;MODE=PostgreSQL;DATABASE_TO_LOWER=TRUE
2022-08-04 12:42:49,687 DEBUG J.ReimbursementDao [main] New reimbursement request is submitted
2022-08-04 12:42:49,687 DEBUG S.EmployeeService [main] Requested to submit new reimbursement request
2022-08-04 12:42:49,688 DEBUG J.ConnectionManager [main] Trying to establish connection with database at this location :jdbc:h2:mem:test_db;MODE=PostgreSQL;DATABASE_TO_LOWER=TRUE
2022-08-04 12:42:49,689 DEBUG J.ReimbursementDao [main] New reimbursement request is submitted
2022-08-04 12:42:49,691 DEBUG S.ManagerService [main] requested to process reimbursement request
2022-08-04 12:42:49,691 DEBUG J.ConnectionManager [main] Trying to establish connection with database at this location :jdbc:h2:mem:test_db;MODE=PostgreSQL;DATABASE_TO_LOWER=TRUE
2022-08-04 12:42:49,696 DEBUG J.ReimbursementDao [main] Reimbursement request is processed by Managar
2022-08-04 12:42:49,696 DEBUG S.EmployeeService [main] requested to view pending reimbursement requests
2022-08-04 12:42:49,696 DEBUG J.ConnectionManager [main] Trying to establish connection with database at this location :jdbc:h2:mem:test_db;MODE=PostgreSQL;DATABASE_TO_LOWER=TRUE
2022-08-04 12:42:49,698 DEBUG J.ReimbursementDao [main] Pending reimbursement requests are returned
2022-08-04 12:42:49,698 DEBUG S.EmployeeService [main] requested to view resolved reimbursement requests
2022-08-04 12:42:49,698 DEBUG J.ConnectionManager [main] Trying to establish connection with database at this location :jdbc:h2:mem:test_db;MODE=PostgreSQL;DATABASE_TO_LOWER=TRUE
2022-08-04 12:42:49,700 DEBUG J.ReimbursementDao [main] Resolved reimbursement requests are returned
2022-08-04 12:42:49,700 DEBUG J.ConnectionManager [main] Trying to establish connection with database at this location :jdbc:h2:mem:test_db;MODE=PostgreSQL;DATABASE_TO_LOWER=TRUE
2022-08-04 12:42:49,706 DEBUG J.ConnectionManager [main] Trying to establish connection with database at this location :jdbc:h2:mem:test_db;MODE=PostgreSQL;DATABASE_TO_LOWER=TRUE
2022-08-04 12:42:49,715 DEBUG S.EmployeeService [main] requested to update profile information
2022-08-04 12:42:49,716 DEBUG J.ConnectionManager [main] Trying to establish connection with database at this location :jdbc:h2:mem:test_db;MODE=PostgreSQL;DATABASE_TO_LOWER=TRUE
2022-08-04 12:42:49,717 DEBUG J.EmployeeDao [main] Profile Updated
2022-08-04 12:42:49,718 DEBUG S.EmployeeService [main] requested to view profile information
2022-08-04 12:42:49,718 DEBUG J.ConnectionManager [main] Trying to establish connection with database at this location :jdbc:h2:mem:test_db;MODE=PostgreSQL;DATABASE_TO_LOWER=TRUE
2022-08-04 12:42:49,722 DEBUG J.EmployeeDao [main] View Profile Information by an Employee ID, Returning profile info.
2022-08-04 12:42:49,722 DEBUG J.ConnectionManager [main] Trying to establish connection with database at this location :jdbc:h2:mem:test_db;MODE=PostgreSQL;DATABASE_TO_LOWER=TRUE
2022-08-04 12:42:49,726 DEBUG J.ConnectionManager [main] Trying to establish connection with database at this location :jdbc:h2:mem:test_db;MODE=PostgreSQL;DATABASE_TO_LOWER=TRUE
2022-08-04 12:42:49,736 DEBUG S.EmployeeService [main] employee login requested
2022-08-04 12:42:49,736 DEBUG J.ConnectionManager [main] Trying to establish connection with database at this location :jdbc:h2:mem:test_db;MODE=PostgreSQL;DATABASE_TO_LOWER=TRUE
2022-08-04 12:42:49,738 DEBUG J.AuthenticationDao [main] Employee Logged In
2022-08-04 12:42:49,738 DEBUG J.ConnectionManager [main] Trying to establish connection with database at this location :jdbc:h2:mem:test_db;MODE=PostgreSQL;DATABASE_TO_LOWER=TRUE
2022-08-04 12:42:49,743 DEBUG J.ConnectionManager [main] Trying to establish connection with database at this location :jdbc:h2:mem:test_db;MODE=PostgreSQL;DATABASE_TO_LOWER=TRUE
2022-08-04 12:42:49,757 DEBUG J.ConnectionManager [main] Trying to establish connection with database at this location :jdbc:h2:mem:test_db;MODE=PostgreSQL;DATABASE_TO_LOWER=TRUE
2022-08-04 12:42:49,760 DEBUG J.EmployeeDao [main] View Profile Information by an Employee ID, Returning profile info.
2022-08-04 12:42:49,760 DEBUG J.ConnectionManager [main] Trying to establish connection with database at this location :jdbc:h2:mem:test_db;MODE=PostgreSQL;DATABASE_TO_LOWER=TRUE
2022-08-04 12:42:49,765 DEBUG J.ConnectionManager [main] Trying to establish connection with database at this location :jdbc:h2:mem:test_db;MODE=PostgreSQL;DATABASE_TO_LOWER=TRUE
2022-08-04 12:42:49,776 DEBUG S.EmployeeService [main] requested to view profile information
2022-08-04 12:42:49,776 DEBUG J.ConnectionManager [main] Trying to establish connection with database at this location :jdbc:h2:mem:test_db;MODE=PostgreSQL;DATABASE_TO_LOWER=TRUE
2022-08-04 12:42:49,778 DEBUG J.EmployeeDao [main] View Profile Information by an Employee ID, Returning profile info.
2022-08-04 12:42:49,778 DEBUG J.ConnectionManager [main] Trying to establish connection with database at this location :jdbc:h2:mem:test_db;MODE=PostgreSQL;DATABASE_TO_LOWER=TRUE
2022-08-04 12:42:49,785 DEBUG J.ConnectionManager [main] Trying to establish connection with database at this location :jdbc:h2:mem:test_db;MODE=PostgreSQL;DATABASE_TO_LOWER=TRUE
2022-08-04 12:42:49,801 DEBUG S.ManagerService [main] requested to authenticate manager login
2022-08-04 12:42:49,803 DEBUG J.ConnectionManager [main] Trying to establish connection with database at this location :jdbc:h2:mem:test_db;MODE=PostgreSQL;DATABASE_TO_LOWER=TRUE
2022-08-04 12:42:49,805 DEBUG J.AuthenticationDao [main] Manager Logged In
2022-08-04 12:42:49,805 DEBUG J.ConnectionManager [main] Trying to establish connection with database at this location :jdbc:h2:mem:test_db;MODE=PostgreSQL;DATABASE_TO_LOWER=TRUE
2022-08-04 12:42:49,818 DEBUG J.ConnectionManager [main] Trying to establish connection with database at this location :jdbc:h2:mem:test_db;MODE=PostgreSQL;DATABASE_TO_LOWER=TRUE
2022-08-04 12:42:49,834 DEBUG S.ManagerService [main] Requested to view all employees
2022-08-04 12:42:49,834 DEBUG J.ConnectionManager [main] Trying to establish connection with database at this location :jdbc:h2:mem:test_db;MODE=PostgreSQL;DATABASE_TO_LOWER=TRUE
2022-08-04 12:42:49,836 DEBUG J.EmployeeDao [main] View All Employee, Returning list of all Employee
2022-08-04 12:42:49,837 DEBUG J.ConnectionManager [main] Trying to establish connection with database at this location :jdbc:h2:mem:test_db;MODE=PostgreSQL;DATABASE_TO_LOWER=TRUE
2022-08-04 12:42:49,843 DEBUG J.ConnectionManager [main] Trying to establish connection with database at this location :jdbc:h2:mem:test_db;MODE=PostgreSQL;DATABASE_TO_LOWER=TRUE
2022-08-04 12:42:49,852 DEBUG S.ManagerService [main] requested to view pending requests of all employee
2022-08-04 12:42:49,853 DEBUG J.ConnectionManager [main] Trying to establish connection with database at this location :jdbc:h2:mem:test_db;MODE=PostgreSQL;DATABASE_TO_LOWER=TRUE
2022-08-04 12:42:49,854 DEBUG J.ReimbursementDao [main] All Pending reimbursement requests are returned
2022-08-04 12:42:49,855 DEBUG J.ConnectionManager [main] Trying to establish connection with database at this location :jdbc:h2:mem:test_db;MODE=PostgreSQL;DATABASE_TO_LOWER=TRUE
2022-08-04 12:42:49,858 DEBUG J.ConnectionManager [main] Trying to establish connection with database at this location :jdbc:h2:mem:test_db;MODE=PostgreSQL;DATABASE_TO_LOWER=TRUE
2022-08-04 12:42:49,867 DEBUG S.ManagerService [main] requested to process reimbursement request
2022-08-04 12:42:49,868 DEBUG J.ConnectionManager [main] Trying to establish connection with database at this location :jdbc:h2:mem:test_db;MODE=PostgreSQL;DATABASE_TO_LOWER=TRUE
2022-08-04 12:42:49,869 DEBUG J.ReimbursementDao [main] Reimbursement request is processed by Managar
2022-08-04 12:42:49,869 DEBUG S.ManagerService [main] requested to view resolved requests of all employee
2022-08-04 12:42:49,869 DEBUG J.ConnectionManager [main] Trying to establish connection with database at this location :jdbc:h2:mem:test_db;MODE=PostgreSQL;DATABASE_TO_LOWER=TRUE
2022-08-04 12:42:49,871 DEBUG J.ReimbursementDao [main] All Resolved reimbursement requests are returned
2022-08-04 12:42:49,871 DEBUG J.ConnectionManager [main] Trying to establish connection with database at this location :jdbc:h2:mem:test_db;MODE=PostgreSQL;DATABASE_TO_LOWER=TRUE
2022-08-04 12:42:49,874 DEBUG J.ConnectionManager [main] Trying to establish connection with database at this location :jdbc:h2:mem:test_db;MODE=PostgreSQL;DATABASE_TO_LOWER=TRUE
2022-08-04 12:42:49,882 DEBUG J.ConnectionManager [main] Trying to establish connection with database at this location :jdbc:h2:mem:test_db;MODE=PostgreSQL;DATABASE_TO_LOWER=TRUE
2022-08-04 12:42:49,883 DEBUG J.ReimbursementDao [main] Pending reimbursement requests are returned
2022-08-04 12:42:49,884 DEBUG J.ConnectionManager [main] Trying to establish connection with database at this location :jdbc:h2:mem:test_db;MODE=PostgreSQL;DATABASE_TO_LOWER=TRUE
2022-08-04 12:42:49,885 DEBUG J.ReimbursementDao [main] Resolved reimbursement requests are returned
2022-08-04 12:42:49,885 DEBUG S.ManagerService [main] requested to view reimbursement request by employee
2022-08-04 12:42:49,885 DEBUG J.ConnectionManager [main] Trying to establish connection with database at this location :jdbc:h2:mem:test_db;MODE=PostgreSQL;DATABASE_TO_LOWER=TRUE
2022-08-04 12:57:20,972 DEBUG J.ConnectionManager [main] Trying to establish connection with database at this location :jdbc:h2:mem:test_db;MODE=PostgreSQL;DATABASE_TO_LOWER=TRUE
2022-08-04 12:57:21,404 DEBUG S.EmployeeService [main] Requested to submit new reimbursement request
2022-08-04 12:57:21,404 DEBUG J.ConnectionManager [main] Trying to establish connection with database at this location :jdbc:h2:mem:test_db;MODE=PostgreSQL;DATABASE_TO_LOWER=TRUE
2022-08-04 12:57:21,410 DEBUG J.ReimbursementDao [main] New reimbursement request is submitted
2022-08-04 12:57:21,411 DEBUG S.EmployeeService [main] requested to view pending reimbursement requests
2022-08-04 12:57:21,411 DEBUG J.ConnectionManager [main] Trying to establish connection with database at this location :jdbc:h2:mem:test_db;MODE=PostgreSQL;DATABASE_TO_LOWER=TRUE
2022-08-04 12:57:21,423 DEBUG J.ReimbursementDao [main] Pending reimbursement requests are returned
2022-08-04 12:57:21,424 DEBUG J.ConnectionManager [main] Trying to establish connection with database at this location :jdbc:h2:mem:test_db;MODE=PostgreSQL;DATABASE_TO_LOWER=TRUE
2022-08-04 12:57:21,436 DEBUG J.ConnectionManager [main] Trying to establish connection with database at this location :jdbc:h2:mem:test_db;MODE=PostgreSQL;DATABASE_TO_LOWER=TRUE
2022-08-04 12:57:21,451 DEBUG S.EmployeeService [main] Requested to submit new reimbursement request
2022-08-04 12:57:21,452 DEBUG J.ConnectionManager [main] Trying to establish connection with database at this location :jdbc:h2:mem:test_db;MODE=PostgreSQL;DATABASE_TO_LOWER=TRUE
2022-08-04 12:57:21,453 DEBUG J.ReimbursementDao [main] New reimbursement request is submitted
2022-08-04 12:57:21,454 DEBUG J.ConnectionManager [main] Trying to establish connection with database at this location :jdbc:h2:mem:test_db;MODE=PostgreSQL;DATABASE_TO_LOWER=TRUE
2022-08-04 12:57:21,458 DEBUG J.ConnectionManager [main] Trying to establish connection with database at this location :jdbc:h2:mem:test_db;MODE=PostgreSQL;DATABASE_TO_LOWER=TRUE
2022-08-04 12:57:21,474 DEBUG S.EmployeeService [main] employee login requested
2022-08-04 12:57:21,478 DEBUG J.ConnectionManager [main] Trying to establish connection with database at this location :jdbc:h2:mem:test_db;MODE=PostgreSQL;DATABASE_TO_LOWER=TRUE
2022-08-04 12:57:21,480 DEBUG J.AuthenticationDao [main] Employee Logged In
2022-08-04 12:57:21,480 DEBUG J.ConnectionManager [main] Trying to establish connection with database at this location :jdbc:h2:mem:test_db;MODE=PostgreSQL;DATABASE_TO_LOWER=TRUE
2022-08-04 12:57:21,486 DEBUG J.ConnectionManager [main] Trying to establish connection with database at this location :jdbc:h2:mem:test_db;MODE=PostgreSQL;DATABASE_TO_LOWER=TRUE
2022-08-04 12:57:21,501 DEBUG S.EmployeeService [main] Requested to submit new reimbursement request
2022-08-04 12:57:21,501 DEBUG J.ConnectionManager [main] Trying to establish connection with database at this location :jdbc:h2:mem:test_db;MODE=PostgreSQL;DATABASE_TO_LOWER=TRUE
2022-08-04 12:57:21,503 DEBUG J.ReimbursementDao [main] New reimbursement request is submitted
2022-08-04 12:57:21,503 DEBUG S.EmployeeService [main] Requested to submit new reimbursement request
2022-08-04 12:57:21,504 DEBUG J.ConnectionManager [main] Trying to establish connection with database at this location :jdbc:h2:mem:test_db;MODE=PostgreSQL;DATABASE_TO_LOWER=TRUE
2022-08-04 12:57:21,505 DEBUG J.ReimbursementDao [main] New reimbursement request is submitted
2022-08-04 12:57:21,507 DEBUG S.ManagerService [main] requested to process reimbursement request
2022-08-04 12:57:21,507 DEBUG J.ConnectionManager [main] Trying to establish connection with database at this location :jdbc:h2:mem:test_db;MODE=PostgreSQL;DATABASE_TO_LOWER=TRUE
2022-08-04 12:57:21,512 DEBUG J.ReimbursementDao [main] Reimbursement request is processed by Managar
2022-08-04 12:57:21,512 DEBUG S.EmployeeService [main] requested to view pending reimbursement requests
2022-08-04 12:57:21,513 DEBUG J.ConnectionManager [main] Trying to establish connection with database at this location :jdbc:h2:mem:test_db;MODE=PostgreSQL;DATABASE_TO_LOWER=TRUE
2022-08-04 12:57:21,514 DEBUG J.ReimbursementDao [main] Pending reimbursement requests are returned
2022-08-04 12:57:21,515 DEBUG S.EmployeeService [main] requested to view resolved reimbursement requests
2022-08-04 12:57:21,515 DEBUG J.ConnectionManager [main] Trying to establish connection with database at this location :jdbc:h2:mem:test_db;MODE=PostgreSQL;DATABASE_TO_LOWER=TRUE
2022-08-04 12:57:21,518 DEBUG J.ReimbursementDao [main] Resolved reimbursement requests are returned
2022-08-04 12:57:21,518 DEBUG J.ConnectionManager [main] Trying to establish connection with database at this location :jdbc:h2:mem:test_db;MODE=PostgreSQL;DATABASE_TO_LOWER=TRUE
2022-08-04 12:57:21,523 DEBUG J.ConnectionManager [main] Trying to establish connection with database at this location :jdbc:h2:mem:test_db;MODE=PostgreSQL;DATABASE_TO_LOWER=TRUE
2022-08-04 12:57:21,533 DEBUG S.EmployeeService [main] requested to update profile information
2022-08-04 12:57:21,533 DEBUG J.ConnectionManager [main] Trying to establish connection with database at this location :jdbc:h2:mem:test_db;MODE=PostgreSQL;DATABASE_TO_LOWER=TRUE
2022-08-04 12:57:21,535 DEBUG J.EmployeeDao [main] Profile Updated
2022-08-04 12:57:21,535 DEBUG S.EmployeeService [main] requested to view profile information
2022-08-04 12:57:21,535 DEBUG J.ConnectionManager [main] Trying to establish connection with database at this location :jdbc:h2:mem:test_db;MODE=PostgreSQL;DATABASE_TO_LOWER=TRUE
2022-08-04 12:57:21,539 DEBUG J.EmployeeDao [main] View Profile Information by an Employee ID, Returning profile info.
2022-08-04 12:57:21,540 DEBUG J.ConnectionManager [main] Trying to establish connection with database at this location :jdbc:h2:mem:test_db;MODE=PostgreSQL;DATABASE_TO_LOWER=TRUE
2022-08-04 12:57:21,546 DEBUG J.ConnectionManager [main] Trying to establish connection with database at this location :jdbc:h2:mem:test_db;MODE=PostgreSQL;DATABASE_TO_LOWER=TRUE
2022-08-04 12:57:21,558 DEBUG S.EmployeeService [main] employee login requested
2022-08-04 12:57:21,559 DEBUG J.ConnectionManager [main] Trying to establish connection with database at this location :jdbc:h2:mem:test_db;MODE=PostgreSQL;DATABASE_TO_LOWER=TRUE
2022-08-04 12:57:21,560 DEBUG J.AuthenticationDao [main] Employee Logged In
2022-08-04 12:57:21,561 DEBUG J.ConnectionManager [main] Trying to establish connection with database at this location :jdbc:h2:mem:test_db;MODE=PostgreSQL;DATABASE_TO_LOWER=TRUE
2022-08-04 12:57:21,564 DEBUG J.ConnectionManager [main] Trying to establish connection with database at this location :jdbc:h2:mem:test_db;MODE=PostgreSQL;DATABASE_TO_LOWER=TRUE
2022-08-04 12:57:21,577 DEBUG J.ConnectionManager [main] Trying to establish connection with database at this location :jdbc:h2:mem:test_db;MODE=PostgreSQL;DATABASE_TO_LOWER=TRUE
2022-08-04 12:57:21,580 DEBUG J.EmployeeDao [main] View Profile Information by an Employee ID, Returning profile info.
2022-08-04 12:57:21,580 DEBUG J.ConnectionManager [main] Trying to establish connection with database at this location :jdbc:h2:mem:test_db;MODE=PostgreSQL;DATABASE_TO_LOWER=TRUE
2022-08-04 12:57:21,585 DEBUG J.ConnectionManager [main] Trying to establish connection with database at this location :jdbc:h2:mem:test_db;MODE=PostgreSQL;DATABASE_TO_LOWER=TRUE
2022-08-04 12:57:21,594 DEBUG S.EmployeeService [main] requested to view profile information
2022-08-04 12:57:21,595 DEBUG J.ConnectionManager [main] Trying to establish connection with database at this location :jdbc:h2:mem:test_db;MODE=PostgreSQL;DATABASE_TO_LOWER=TRUE
2022-08-04 12:57:21,597 DEBUG J.EmployeeDao [main] View Profile Information by an Employee ID, Returning profile info.
2022-08-04 12:57:21,597 DEBUG J.ConnectionManager [main] Trying to establish connection with database at this location :jdbc:h2:mem:test_db;MODE=PostgreSQL;DATABASE_TO_LOWER=TRUE
2022-08-04 12:57:21,605 DEBUG J.ConnectionManager [main] Trying to establish connection with database at this location :jdbc:h2:mem:test_db;MODE=PostgreSQL;DATABASE_TO_LOWER=TRUE
2022-08-04 12:57:21,620 DEBUG S.ManagerService [main] requested to authenticate manager login
2022-08-04 12:57:21,622 DEBUG J.ConnectionManager [main] Trying to establish connection with database at this location :jdbc:h2:mem:test_db;MODE=PostgreSQL;DATABASE_TO_LOWER=TRUE
2022-08-04 12:57:21,624 DEBUG J.AuthenticationDao [main] Manager Logged In
2022-08-04 12:57:21,625 DEBUG J.ConnectionManager [main] Trying to establish connection with database at this location :jdbc:h2:mem:test_db;MODE=PostgreSQL;DATABASE_TO_LOWER=TRUE
2022-08-04 12:57:21,632 DEBUG J.ConnectionManager [main] Trying to establish connection with database at this location :jdbc:h2:mem:test_db;MODE=PostgreSQL;DATABASE_TO_LOWER=TRUE
2022-08-04 12:57:21,656 DEBUG S.ManagerService [main] Requested to view all employees
2022-08-04 12:57:21,656 DEBUG J.ConnectionManager [main] Trying to establish connection with database at this location :jdbc:h2:mem:test_db;MODE=PostgreSQL;DATABASE_TO_LOWER=TRUE
2022-08-04 12:57:21,659 DEBUG J.EmployeeDao [main] View All Employee, Returning list of all Employee
2022-08-04 12:57:21,660 DEBUG J.ConnectionManager [main] Trying to establish connection with database at this location :jdbc:h2:mem:test_db;MODE=PostgreSQL;DATABASE_TO_LOWER=TRUE
2022-08-04 12:57:21,665 DEBUG J.ConnectionManager [main] Trying to establish connection with database at this location :jdbc:h2:mem:test_db;MODE=PostgreSQL;DATABASE_TO_LOWER=TRUE
2022-08-04 12:57:21,676 DEBUG S.ManagerService [main] requested to view pending requests of all employee
2022-08-04 12:57:21,676 DEBUG J.ConnectionManager [main] Trying to establish connection with database at this location :jdbc:h2:mem:test_db;MODE=PostgreSQL;DATABASE_TO_LOWER=TRUE
2022-08-04 12:57:21,678 DEBUG J.ReimbursementDao [main] All Pending reimbursement requests are returned
2022-08-04 12:57:21,679 DEBUG J.ConnectionManager [main] Trying to establish connection with database at this location :jdbc:h2:mem:test_db;MODE=PostgreSQL;DATABASE_TO_LOWER=TRUE
2022-08-04 12:57:21,682 DEBUG J.ConnectionManager [main] Trying to establish connection with database at this location :jdbc:h2:mem:test_db;MODE=PostgreSQL;DATABASE_TO_LOWER=TRUE
2022-08-04 12:57:21,691 DEBUG S.ManagerService [main] requested to process reimbursement request
2022-08-04 12:57:21,692 DEBUG J.ConnectionManager [main] Trying to establish connection with database at this location :jdbc:h2:mem:test_db;MODE=PostgreSQL;DATABASE_TO_LOWER=TRUE
2022-08-04 12:57:21,693 DEBUG J.ReimbursementDao [main] Reimbursement request is processed by Managar
2022-08-04 12:57:21,693 DEBUG S.ManagerService [main] requested to view resolved requests of all employee
2022-08-04 12:57:21,693 DEBUG J.ConnectionManager [main] Trying to establish connection with database at this location :jdbc:h2:mem:test_db;MODE=PostgreSQL;DATABASE_TO_LOWER=TRUE
2022-08-04 12:57:21,696 DEBUG J.ReimbursementDao [main] All Resolved reimbursement requests are returned
2022-08-04 12:57:21,696 DEBUG J.ConnectionManager [main] Trying to establish connection with database at this location :jdbc:h2:mem:test_db;MODE=PostgreSQL;DATABASE_TO_LOWER=TRUE
2022-08-04 12:57:21,699 DEBUG J.ConnectionManager [main] Trying to establish connection with database at this location :jdbc:h2:mem:test_db;MODE=PostgreSQL;DATABASE_TO_LOWER=TRUE
2022-08-04 12:57:21,707 DEBUG J.ConnectionManager [main] Trying to establish connection with database at this location :jdbc:h2:mem:test_db;MODE=PostgreSQL;DATABASE_TO_LOWER=TRUE
2022-08-04 12:57:21,708 DEBUG J.ReimbursementDao [main] Pending reimbursement requests are returned
2022-08-04 12:57:21,709 DEBUG J.ConnectionManager [main] Trying to establish connection with database at this location :jdbc:h2:mem:test_db;MODE=PostgreSQL;DATABASE_TO_LOWER=TRUE
2022-08-04 12:57:21,710 DEBUG J.ReimbursementDao [main] Resolved reimbursement requests are returned
2022-08-04 12:57:21,710 DEBUG S.ManagerService [main] requested to view reimbursement request by employee
2022-08-04 12:57:21,711 DEBUG J.ConnectionManager [main] Trying to establish connection with database at this location :jdbc:h2:mem:test_db;MODE=PostgreSQL;DATABASE_TO_LOWER=TRUE
